<?xml version="1.0" encoding="UTF-8"?>
<testng-results skipped="0" failed="0" ignored="0" total="1" passed="1">
  <reporter-output>
  </reporter-output>
  <suite name="Default suite" duration-ms="7673" started-at="2019-11-29T10:39:12Z" finished-at="2019-11-29T10:39:20Z">
    <groups>
    </groups>
    <test name="Default test" duration-ms="7673" started-at="2019-11-29T10:39:12Z" finished-at="2019-11-29T10:39:20Z">
      <class name="com.employeeapi.testCases.TC003_Create_Subscriber_JSON">
        <test-method status="PASS" signature="setup()[pri:0, instance:com.employeeapi.testCases.TC003_Create_Subscriber_JSON@685cb137]" name="setup" is-config="true" duration-ms="77" started-at="2019-11-29T10:39:12Z" finished-at="2019-11-29T10:39:12Z">
          <reporter-output>
          </reporter-output>
        </test-method> <!-- setup -->
        <test-method status="PASS" signature="createSubscriber()[pri:0, instance:com.employeeapi.testCases.TC003_Create_Subscriber_JSON@685cb137]" name="createSubscriber" duration-ms="7580" started-at="2019-11-29T10:39:12Z" finished-at="2019-11-29T10:39:20Z">
          <reporter-output>
          </reporter-output>
        </test-method> <!-- createSubscriber -->
      </class> <!-- com.employeeapi.testCases.TC003_Create_Subscriber_JSON -->
    </test> <!-- Default test -->
  </suite> <!-- Default suite -->
</testng-results>
