<?xml version="1.0" encoding="UTF-8"?>
<testng-results skipped="0" failed="0" ignored="0" total="1" passed="1">
  <reporter-output>
  </reporter-output>
  <suite name="Default suite" duration-ms="15081" started-at="2019-11-28T11:35:09Z" finished-at="2019-11-28T11:35:24Z">
    <groups>
    </groups>
    <test name="Default test" duration-ms="15081" started-at="2019-11-28T11:35:09Z" finished-at="2019-11-28T11:35:24Z">
      <class name="com.employeeapi.testCases.TC002_Get_Single_Employee_Record">
        <test-method status="PASS" signature="setup()[pri:0, instance:com.employeeapi.testCases.TC002_Get_Single_Employee_Record@5c3bd550]" name="setup" is-config="true" duration-ms="41" started-at="2019-11-28T11:35:09Z" finished-at="2019-11-28T11:35:09Z">
          <reporter-output>
          </reporter-output>
        </test-method> <!-- setup -->
        <test-method status="PASS" signature="getEmployeeData()[pri:0, instance:com.employeeapi.testCases.TC002_Get_Single_Employee_Record@5c3bd550]" name="getEmployeeData" duration-ms="15025" started-at="2019-11-28T11:35:09Z" finished-at="2019-11-28T11:35:24Z">
          <reporter-output>
          </reporter-output>
        </test-method> <!-- getEmployeeData -->
        <test-method status="PASS" signature="tearDown()[pri:0, instance:com.employeeapi.testCases.TC002_Get_Single_Employee_Record@5c3bd550]" name="tearDown" is-config="true" duration-ms="1" started-at="2019-11-28T11:35:24Z" finished-at="2019-11-28T11:35:24Z">
          <reporter-output>
          </reporter-output>
        </test-method> <!-- tearDown -->
      </class> <!-- com.employeeapi.testCases.TC002_Get_Single_Employee_Record -->
    </test> <!-- Default test -->
  </suite> <!-- Default suite -->
</testng-results>
